
  .   ____          _            __ _ _
 /\\ / ___'_ __ _ _(_)_ __  __ _ \ \ \ \
( ( )\___ | '_ | '_| | '_ \/ _` | \ \ \ \
 \\/  ___)| |_)| | | | | || (_| |  ) ) ) )
  '  |____| .__|_| |_|_| |_\__, | / / / /
 =========|_|==============|___/=/_/_/_/

 :: Spring Boot ::                (v3.3.2)

2026-01-14T06:44:19.194-05:00  INFO 29644 --- [           main] com.example.rag.RagApplication           : Starting RagApplication v0.0.2-SNAPSHOT using Java 21.0.9 with PID 29644 (D:\apps\ws\ws8\full-rag-springboot-sync\target\full-rag-springboot-sync-0.0.2-SNAPSHOT.jar started by smate in D:\apps\ws\ws8\full-rag-springboot-sync)
2026-01-14T06:44:19.205-05:00  INFO 29644 --- [           main] com.example.rag.RagApplication           : No active profile set, falling back to 1 default profile: "default"
2026-01-14T06:44:19.983-05:00  INFO 29644 --- [           main] .s.d.r.c.RepositoryConfigurationDelegate : Bootstrapping Spring Data JPA repositories in DEFAULT mode.
2026-01-14T06:44:20.028-05:00  INFO 29644 --- [           main] .s.d.r.c.RepositoryConfigurationDelegate : Finished Spring Data repository scanning in 39 ms. Found 3 JPA repository interfaces.
2026-01-14T06:44:20.635-05:00  INFO 29644 --- [           main] o.s.b.w.embedded.tomcat.TomcatWebServer  : Tomcat initialized with port 8080 (http)
2026-01-14T06:44:20.650-05:00  INFO 29644 --- [           main] o.apache.catalina.core.StandardService   : Starting service [Tomcat]
2026-01-14T06:44:20.650-05:00  INFO 29644 --- [           main] o.apache.catalina.core.StandardEngine    : Starting Servlet engine: [Apache Tomcat/10.1.26]
2026-01-14T06:44:21.334-05:00  INFO 29644 --- [           main] org.apache.jasper.servlet.TldScanner     : At least one JAR was scanned for TLDs yet contained no TLDs. Enable debug logging for this logger for a complete list of JARs that were scanned but no TLDs were found in them. Skipping unneeded JARs during scanning can improve startup time and JSP compilation time.
2026-01-14T06:44:21.449-05:00  INFO 29644 --- [           main] o.a.c.c.C.[Tomcat].[localhost].[/]       : Initializing Spring embedded WebApplicationContext
2026-01-14T06:44:21.449-05:00  INFO 29644 --- [           main] w.s.c.ServletWebServerApplicationContext : Root WebApplicationContext: initialization completed in 2132 ms
2026-01-14T06:44:21.480-05:00  INFO 29644 --- [           main] com.zaxxer.hikari.HikariDataSource       : HikariPool-1 - Starting...
2026-01-14T06:44:21.685-05:00  INFO 29644 --- [           main] com.zaxxer.hikari.pool.HikariPool        : HikariPool-1 - Added connection conn0: url=jdbc:h2:file:./data/chatdb user=SA
2026-01-14T06:44:21.686-05:00  INFO 29644 --- [           main] com.zaxxer.hikari.HikariDataSource       : HikariPool-1 - Start completed.
2026-01-14T06:44:21.692-05:00  INFO 29644 --- [           main] o.s.b.a.h2.H2ConsoleAutoConfiguration    : H2 console available at '/h2-console'. Database available at 'jdbc:h2:file:./data/chatdb'
2026-01-14T06:44:21.934-05:00  INFO 29644 --- [           main] o.hibernate.jpa.internal.util.LogHelper  : HHH000204: Processing PersistenceUnitInfo [name: default]
2026-01-14T06:44:22.012-05:00  INFO 29644 --- [           main] org.hibernate.Version                    : HHH000412: Hibernate ORM core version 6.5.2.Final
2026-01-14T06:44:22.045-05:00  INFO 29644 --- [           main] o.h.c.internal.RegionFactoryInitiator    : HHH000026: Second-level cache disabled
2026-01-14T06:44:22.229-05:00  INFO 29644 --- [           main] o.s.o.j.p.SpringPersistenceUnitInfo      : No LoadTimeWeaver setup: ignoring JPA class transformer
2026-01-14T06:44:22.258-05:00  WARN 29644 --- [           main] org.hibernate.orm.deprecation            : HHH90000025: H2Dialect does not need to be specified explicitly using 'hibernate.dialect' (remove the property setting and it will be selected by default)
2026-01-14T06:44:22.802-05:00  INFO 29644 --- [           main] o.h.e.t.j.p.i.JtaPlatformInitiator       : HHH000489: No JTA platform available (set 'hibernate.transaction.jta.platform' to enable JTA platform integration)
2026-01-14T06:44:22.835-05:00  INFO 29644 --- [           main] j.LocalContainerEntityManagerFactoryBean : Initialized JPA EntityManagerFactory for persistence unit 'default'
2026-01-14T06:44:23.097-05:00  INFO 29644 --- [           main] o.s.d.j.r.query.QueryEnhancerFactory     : Hibernate is in classpath; If applicable, HQL parser will be used.
2026-01-14T06:44:23.809-05:00  INFO 29644 --- [           main] org.ehcache.core.EhcacheManager          : Cache 'embeddings' created in EhcacheManager.
2026-01-14T06:44:23.810-05:00  INFO 29644 --- [           main] org.ehcache.core.EhcacheManager          : Cache 'ragResponses' created in EhcacheManager.
2026-01-14T06:44:23.811-05:00  INFO 29644 --- [           main] org.ehcache.core.EhcacheManager          : Cache 'chatResponses' created in EhcacheManager.
2026-01-14T06:44:23.927-05:00  INFO 29644 --- [           main] org.ehcache.jsr107.Eh107CacheManager     : Registering Ehcache MBean javax.cache:type=CacheStatistics,CacheManager=jar.nested./D./apps/ws/ws8/full-rag-springboot-sync/target/full-rag-springboot-sync-0.0.2-SNAPSHOT.jar/!BOOT-INF/classes/!/ehcache.xml,Cache=embeddings
2026-01-14T06:44:23.929-05:00  INFO 29644 --- [           main] org.ehcache.jsr107.Eh107CacheManager     : Registering Ehcache MBean javax.cache:type=CacheStatistics,CacheManager=jar.nested./D./apps/ws/ws8/full-rag-springboot-sync/target/full-rag-springboot-sync-0.0.2-SNAPSHOT.jar/!BOOT-INF/classes/!/ehcache.xml,Cache=ragResponses
2026-01-14T06:44:23.929-05:00  INFO 29644 --- [           main] org.ehcache.jsr107.Eh107CacheManager     : Registering Ehcache MBean javax.cache:type=CacheStatistics,CacheManager=jar.nested./D./apps/ws/ws8/full-rag-springboot-sync/target/full-rag-springboot-sync-0.0.2-SNAPSHOT.jar/!BOOT-INF/classes/!/ehcache.xml,Cache=chatResponses
2026-01-14T06:44:23.968-05:00  WARN 29644 --- [           main] JpaBaseConfiguration$JpaWebConfiguration : spring.jpa.open-in-view is enabled by default. Therefore, database queries may be performed during view rendering. Explicitly configure spring.jpa.open-in-view to disable this warning
2026-01-14T06:44:24.016-05:00  INFO 29644 --- [           main] o.s.b.a.w.s.WelcomePageHandlerMapping    : Adding welcome page template: index
2026-01-14T06:44:24.542-05:00  INFO 29644 --- [           main] o.s.b.w.embedded.tomcat.TomcatWebServer  : Tomcat started on port 8080 (http) with context path '/'
2026-01-14T06:44:24.550-05:00  INFO 29644 --- [           main] com.example.rag.RagApplication           : Started RagApplication in 5.775 seconds (process running for 6.146)
2026-01-14T06:49:02.621-05:00  INFO 29644 --- [nio-8080-exec-1] o.a.c.c.C.[Tomcat].[localhost].[/]       : Initializing Spring DispatcherServlet 'dispatcherServlet'
2026-01-14T06:49:02.621-05:00  INFO 29644 --- [nio-8080-exec-1] o.s.web.servlet.DispatcherServlet        : Initializing Servlet 'dispatcherServlet'
2026-01-14T06:49:02.622-05:00  INFO 29644 --- [nio-8080-exec-1] o.s.web.servlet.DispatcherServlet        : Completed initialization in 1 ms
2026-01-14T09:52:43.532-05:00  WARN 29644 --- [l-1 housekeeper] com.zaxxer.hikari.pool.HikariPool        : HikariPool-1 - Thread starvation or clock leap detected (housekeeper delta=3h1m52s496ms191µs300ns).
2026-01-14T12:56:42.274-05:00  WARN 29644 --- [l-1 housekeeper] com.zaxxer.hikari.pool.HikariPool        : HikariPool-1 - Thread starvation or clock leap detected (housekeeper delta=3h1m59s547ms611µs100ns).
2026-01-14T16:08:38.908-05:00  WARN 29644 --- [l-1 housekeeper] com.zaxxer.hikari.pool.HikariPool        : HikariPool-1 - Thread starvation or clock leap detected (housekeeper delta=3h1m57s298ms326µs200ns).
2026-01-14T18:06:38.662-05:00  WARN 29644 --- [l-1 housekeeper] com.zaxxer.hikari.pool.HikariPool        : HikariPool-1 - Thread starvation or clock leap detected (housekeeper delta=1h48m413ms689µs).
