
  .   ____          _            __ _ _
 /\\ / ___'_ __ _ _(_)_ __  __ _ \ \ \ \
( ( )\___ | '_ | '_| | '_ \/ _` | \ \ \ \
 \\/  ___)| |_)| | | | | || (_| |  ) ) ) )
  '  |____| .__|_| |_|_| |_\__, | / / / /
 =========|_|==============|___/=/_/_/_/
 :: Spring Boot ::                (v3.2.1)

2026-01-13T16:45:17.784-05:00  INFO 31720 --- [service-dependency-api] [           main] c.e.s.ServiceDependencyApiApplication    : Starting ServiceDependencyApiApplication using Java 21.0.9 with PID 31720 (D:\apps\ws\ws8\service-dependency-api\target\service-dependency-api-1.0.0.jar started by smate in D:\apps\ws\ws8\service-dependency-api)
2026-01-13T16:45:17.796-05:00 DEBUG 31720 --- [service-dependency-api] [           main] c.e.s.ServiceDependencyApiApplication    : Running with Spring Boot v3.2.1, Spring v6.1.2
2026-01-13T16:45:17.797-05:00  INFO 31720 --- [service-dependency-api] [           main] c.e.s.ServiceDependencyApiApplication    : No active profile set, falling back to 1 default profile: "default"
2026-01-13T16:45:19.086-05:00  INFO 31720 --- [service-dependency-api] [           main] .s.d.r.c.RepositoryConfigurationDelegate : Bootstrapping Spring Data JPA repositories in DEFAULT mode.
2026-01-13T16:45:19.166-05:00  INFO 31720 --- [service-dependency-api] [           main] .s.d.r.c.RepositoryConfigurationDelegate : Finished Spring Data repository scanning in 63 ms. Found 3 JPA repository interfaces.
2026-01-13T16:45:20.023-05:00  INFO 31720 --- [service-dependency-api] [           main] o.s.b.w.embedded.tomcat.TomcatWebServer  : Tomcat initialized with port 8084 (http)
2026-01-13T16:45:20.037-05:00  INFO 31720 --- [service-dependency-api] [           main] o.apache.catalina.core.StandardService   : Starting service [Tomcat]
2026-01-13T16:45:20.037-05:00  INFO 31720 --- [service-dependency-api] [           main] o.apache.catalina.core.StandardEngine    : Starting Servlet engine: [Apache Tomcat/10.1.17]
2026-01-13T16:45:20.073-05:00  INFO 31720 --- [service-dependency-api] [           main] o.a.c.c.C.[Tomcat].[localhost].[/]       : Initializing Spring embedded WebApplicationContext
2026-01-13T16:45:20.074-05:00  INFO 31720 --- [service-dependency-api] [           main] w.s.c.ServletWebServerApplicationContext : Root WebApplicationContext: initialization completed in 2173 ms
2026-01-13T16:45:20.120-05:00  INFO 31720 --- [service-dependency-api] [           main] com.zaxxer.hikari.HikariDataSource       : HikariPool-1 - Starting...
2026-01-13T16:45:20.374-05:00  INFO 31720 --- [service-dependency-api] [           main] com.zaxxer.hikari.pool.HikariPool        : HikariPool-1 - Added connection conn0: url=jdbc:h2:file:./data/servicedb user=SA
2026-01-13T16:45:20.375-05:00  INFO 31720 --- [service-dependency-api] [           main] com.zaxxer.hikari.HikariDataSource       : HikariPool-1 - Start completed.
2026-01-13T16:45:20.384-05:00  INFO 31720 --- [service-dependency-api] [           main] o.s.b.a.h2.H2ConsoleAutoConfiguration    : H2 console available at '/h2-console'. Database available at 'jdbc:h2:file:./data/servicedb'
2026-01-13T16:45:20.658-05:00  INFO 31720 --- [service-dependency-api] [           main] o.hibernate.jpa.internal.util.LogHelper  : HHH000204: Processing PersistenceUnitInfo [name: default]
2026-01-13T16:45:20.763-05:00  INFO 31720 --- [service-dependency-api] [           main] org.hibernate.Version                    : HHH000412: Hibernate ORM core version 6.4.1.Final
2026-01-13T16:45:20.812-05:00  INFO 31720 --- [service-dependency-api] [           main] o.h.c.internal.RegionFactoryInitiator    : HHH000026: Second-level cache disabled
2026-01-13T16:45:21.301-05:00  INFO 31720 --- [service-dependency-api] [           main] o.s.o.j.p.SpringPersistenceUnitInfo      : No LoadTimeWeaver setup: ignoring JPA class transformer
2026-01-13T16:45:21.404-05:00  WARN 31720 --- [service-dependency-api] [           main] org.hibernate.orm.deprecation            : HHH90000025: H2Dialect does not need to be specified explicitly using 'hibernate.dialect' (remove the property setting and it will be selected by default)
2026-01-13T16:45:22.354-05:00  INFO 31720 --- [service-dependency-api] [           main] o.h.e.t.j.p.i.JtaPlatformInitiator       : HHH000489: No JTA platform available (set 'hibernate.transaction.jta.platform' to enable JTA platform integration)
2026-01-13T16:45:22.399-05:00  INFO 31720 --- [service-dependency-api] [           main] j.LocalContainerEntityManagerFactoryBean : Initialized JPA EntityManagerFactory for persistence unit 'default'
2026-01-13T16:45:22.994-05:00  WARN 31720 --- [service-dependency-api] [           main] JpaBaseConfiguration$JpaWebConfiguration : spring.jpa.open-in-view is enabled by default. Therefore, database queries may be performed during view rendering. Explicitly configure spring.jpa.open-in-view to disable this warning
2026-01-13T16:45:23.709-05:00  INFO 31720 --- [service-dependency-api] [           main] o.s.b.w.embedded.tomcat.TomcatWebServer  : Tomcat started on port 8084 (http) with context path ''
2026-01-13T16:45:23.732-05:00  INFO 31720 --- [service-dependency-api] [           main] c.e.s.ServiceDependencyApiApplication    : Started ServiceDependencyApiApplication in 6.602 seconds (process running for 7.38)
2026-01-13T16:47:38.510-05:00  INFO 31720 --- [service-dependency-api] [nio-8084-exec-1] o.a.c.c.C.[Tomcat].[localhost].[/]       : Initializing Spring DispatcherServlet 'dispatcherServlet'
2026-01-13T16:47:38.511-05:00  INFO 31720 --- [service-dependency-api] [nio-8084-exec-1] o.s.web.servlet.DispatcherServlet        : Initializing Servlet 'dispatcherServlet'
2026-01-13T16:47:38.512-05:00  INFO 31720 --- [service-dependency-api] [nio-8084-exec-1] o.s.web.servlet.DispatcherServlet        : Completed initialization in 1 ms
2026-01-13T20:24:26.155-05:00  WARN 31720 --- [service-dependency-api] [l-1 housekeeper] com.zaxxer.hikari.pool.HikariPool        : HikariPool-1 - Thread starvation or clock leap detected (housekeeper delta=3h1m57s626ms153µs100ns).
2026-01-14T05:33:17.841-05:00  WARN 31720 --- [service-dependency-api] [l-1 housekeeper] com.zaxxer.hikari.pool.HikariPool        : HikariPool-1 - Thread starvation or clock leap detected (housekeeper delta=9h9m1s889ms120µs100ns).
2026-01-14T09:52:40.794-05:00  WARN 31720 --- [service-dependency-api] [l-1 housekeeper] com.zaxxer.hikari.pool.HikariPool        : HikariPool-1 - Thread starvation or clock leap detected (housekeeper delta=3h1m52s503ms267µs900ns).
2026-01-14T12:56:39.539-05:00  WARN 31720 --- [service-dependency-api] [l-1 housekeeper] com.zaxxer.hikari.pool.HikariPool        : HikariPool-1 - Thread starvation or clock leap detected (housekeeper delta=3h1m59s546ms59µs900ns).
2026-01-14T16:09:06.191-05:00  WARN 31720 --- [service-dependency-api] [l-1 housekeeper] com.zaxxer.hikari.pool.HikariPool        : HikariPool-1 - Thread starvation or clock leap detected (housekeeper delta=3h1m57s305ms438µs600ns).
2026-01-14T18:06:35.933-05:00  WARN 31720 --- [service-dependency-api] [l-1 housekeeper] com.zaxxer.hikari.pool.HikariPool        : HikariPool-1 - Thread starvation or clock leap detected (housekeeper delta=1h48m426ms812µs700ns).
