
  .   ____          _            __ _ _
 /\\ / ___'_ __ _ _(_)_ __  __ _ \ \ \ \
( ( )\___ | '_ | '_| | '_ \/ _` | \ \ \ \
 \\/  ___)| |_)| | | | | || (_| |  ) ) ) )
  '  |____| .__|_| |_|_| |_\__, | / / / /
 =========|_|==============|___/=/_/_/_/
 :: Spring Boot ::                (v3.2.1)

2026-01-13T16:42:24.872-05:00  INFO 1880 --- [service-dependency-api] [           main] c.e.s.ServiceDependencyApiApplication    : Starting ServiceDependencyApiApplication using Java 21.0.9 with PID 1880 (D:\apps\ws\ws8\service-dependency-api\target\service-dependency-api-1.0.0.jar started by smate in D:\apps\ws\ws8\service-dependency-api)
2026-01-13T16:42:24.875-05:00 DEBUG 1880 --- [service-dependency-api] [           main] c.e.s.ServiceDependencyApiApplication    : Running with Spring Boot v3.2.1, Spring v6.1.2
2026-01-13T16:42:24.877-05:00  INFO 1880 --- [service-dependency-api] [           main] c.e.s.ServiceDependencyApiApplication    : No active profile set, falling back to 1 default profile: "default"
2026-01-13T16:42:26.163-05:00  INFO 1880 --- [service-dependency-api] [           main] .s.d.r.c.RepositoryConfigurationDelegate : Bootstrapping Spring Data JPA repositories in DEFAULT mode.
2026-01-13T16:42:26.226-05:00  INFO 1880 --- [service-dependency-api] [           main] .s.d.r.c.RepositoryConfigurationDelegate : Finished Spring Data repository scanning in 54 ms. Found 3 JPA repository interfaces.
2026-01-13T16:42:27.087-05:00  INFO 1880 --- [service-dependency-api] [           main] o.s.b.w.embedded.tomcat.TomcatWebServer  : Tomcat initialized with port 8084 (http)
2026-01-13T16:42:27.095-05:00  INFO 1880 --- [service-dependency-api] [           main] o.apache.catalina.core.StandardService   : Starting service [Tomcat]
2026-01-13T16:42:27.096-05:00  INFO 1880 --- [service-dependency-api] [           main] o.apache.catalina.core.StandardEngine    : Starting Servlet engine: [Apache Tomcat/10.1.17]
2026-01-13T16:42:27.140-05:00  INFO 1880 --- [service-dependency-api] [           main] o.a.c.c.C.[Tomcat].[localhost].[/]       : Initializing Spring embedded WebApplicationContext
2026-01-13T16:42:27.141-05:00  INFO 1880 --- [service-dependency-api] [           main] w.s.c.ServletWebServerApplicationContext : Root WebApplicationContext: initialization completed in 2163 ms
2026-01-13T16:42:27.185-05:00  INFO 1880 --- [service-dependency-api] [           main] com.zaxxer.hikari.HikariDataSource       : HikariPool-1 - Starting...
2026-01-13T16:42:27.507-05:00  INFO 1880 --- [service-dependency-api] [           main] com.zaxxer.hikari.pool.HikariPool        : HikariPool-1 - Added connection conn0: url=jdbc:h2:file:./data/servicedb user=SA
2026-01-13T16:42:27.508-05:00  INFO 1880 --- [service-dependency-api] [           main] com.zaxxer.hikari.HikariDataSource       : HikariPool-1 - Start completed.
2026-01-13T16:42:27.517-05:00  INFO 1880 --- [service-dependency-api] [           main] o.s.b.a.h2.H2ConsoleAutoConfiguration    : H2 console available at '/h2-console'. Database available at 'jdbc:h2:file:./data/servicedb'
2026-01-13T16:42:27.908-05:00  INFO 1880 --- [service-dependency-api] [           main] o.hibernate.jpa.internal.util.LogHelper  : HHH000204: Processing PersistenceUnitInfo [name: default]
2026-01-13T16:42:28.070-05:00  INFO 1880 --- [service-dependency-api] [           main] org.hibernate.Version                    : HHH000412: Hibernate ORM core version 6.4.1.Final
2026-01-13T16:42:28.135-05:00  INFO 1880 --- [service-dependency-api] [           main] o.h.c.internal.RegionFactoryInitiator    : HHH000026: Second-level cache disabled
2026-01-13T16:42:28.605-05:00  INFO 1880 --- [service-dependency-api] [           main] o.s.o.j.p.SpringPersistenceUnitInfo      : No LoadTimeWeaver setup: ignoring JPA class transformer
2026-01-13T16:42:28.668-05:00  WARN 1880 --- [service-dependency-api] [           main] org.hibernate.orm.deprecation            : HHH90000025: H2Dialect does not need to be specified explicitly using 'hibernate.dialect' (remove the property setting and it will be selected by default)
2026-01-13T16:42:29.493-05:00  INFO 1880 --- [service-dependency-api] [           main] o.h.e.t.j.p.i.JtaPlatformInitiator       : HHH000489: No JTA platform available (set 'hibernate.transaction.jta.platform' to enable JTA platform integration)
2026-01-13T16:42:29.545-05:00  INFO 1880 --- [service-dependency-api] [           main] j.LocalContainerEntityManagerFactoryBean : Initialized JPA EntityManagerFactory for persistence unit 'default'
2026-01-13T16:42:30.186-05:00  WARN 1880 --- [service-dependency-api] [           main] JpaBaseConfiguration$JpaWebConfiguration : spring.jpa.open-in-view is enabled by default. Therefore, database queries may be performed during view rendering. Explicitly configure spring.jpa.open-in-view to disable this warning
2026-01-13T16:42:31.063-05:00  INFO 1880 --- [service-dependency-api] [           main] o.s.b.w.embedded.tomcat.TomcatWebServer  : Tomcat started on port 8084 (http) with context path ''
2026-01-13T16:42:31.080-05:00  INFO 1880 --- [service-dependency-api] [           main] c.e.s.ServiceDependencyApiApplication    : Started ServiceDependencyApiApplication in 6.918 seconds (process running for 7.659)
2026-01-13T16:44:48.443-05:00  INFO 1880 --- [service-dependency-api] [nio-8084-exec-1] o.a.c.c.C.[Tomcat].[localhost].[/]       : Initializing Spring DispatcherServlet 'dispatcherServlet'
2026-01-13T16:44:48.443-05:00  INFO 1880 --- [service-dependency-api] [nio-8084-exec-1] o.s.web.servlet.DispatcherServlet        : Initializing Servlet 'dispatcherServlet'
2026-01-13T16:44:48.444-05:00  INFO 1880 --- [service-dependency-api] [nio-8084-exec-1] o.s.web.servlet.DispatcherServlet        : Completed initialization in 1 ms
