[INFO] Scanning for projects...
[INFO] 
[INFO] -----------------< com.example:service-dependency-api >-----------------
[INFO] Building Service Dependency API 1.0.0
[INFO]   from pom.xml
[INFO] --------------------------------[ jar ]---------------------------------
[INFO] 
[INFO] >>> spring-boot:3.2.1:run (default-cli) > test-compile @ service-dependency-api >>>
[INFO] 
[INFO] --- resources:3.3.1:resources (default-resources) @ service-dependency-api ---
[INFO] Copying 1 resource from src\main\resources to target\classes
[INFO] Copying 1 resource from src\main\resources to target\classes
[INFO] 
[INFO] --- compiler:3.11.0:compile (default-compile) @ service-dependency-api ---
[INFO] Nothing to compile - all classes are up to date
[INFO] 
[INFO] --- resources:3.3.1:testResources (default-testResources) @ service-dependency-api ---
[INFO] skip non existing resourceDirectory D:\apps\ws\ws8\service-dependency-api\src\test\resources
[INFO] 
[INFO] --- compiler:3.11.0:testCompile (default-testCompile) @ service-dependency-api ---
[INFO] No sources to compile
[INFO] 
[INFO] <<< spring-boot:3.2.1:run (default-cli) < test-compile @ service-dependency-api <<<
[INFO] 
[INFO] 
[INFO] --- spring-boot:3.2.1:run (default-cli) @ service-dependency-api ---
[INFO] Attaching agents: []

  .   ____          _            __ _ _
 /\\ / ___'_ __ _ _(_)_ __  __ _ \ \ \ \
( ( )\___ | '_ | '_| | '_ \/ _` | \ \ \ \
 \\/  ___)| |_)| | | | | || (_| |  ) ) ) )
  '  |____| .__|_| |_|_| |_\__, | / / / /
 =========|_|==============|___/=/_/_/_/
 :: Spring Boot ::                (v3.2.1)

2026-01-13T16:24:18.806-05:00  INFO 46916 --- [service-dependency-api] [  restartedMain] c.e.s.ServiceDependencyApiApplication    : Starting ServiceDependencyApiApplication using Java 21.0.8 with PID 46916 (D:\apps\ws\ws8\service-dependency-api\target\classes started by smate in D:\apps\ws\ws8\service-dependency-api)
2026-01-13T16:24:18.808-05:00 DEBUG 46916 --- [service-dependency-api] [  restartedMain] c.e.s.ServiceDependencyApiApplication    : Running with Spring Boot v3.2.1, Spring v6.1.2
2026-01-13T16:24:18.809-05:00  INFO 46916 --- [service-dependency-api] [  restartedMain] c.e.s.ServiceDependencyApiApplication    : No active profile set, falling back to 1 default profile: "default"
2026-01-13T16:24:18.925-05:00  INFO 46916 --- [service-dependency-api] [  restartedMain] .e.DevToolsPropertyDefaultsPostProcessor : Devtools property defaults active! Set 'spring.devtools.add-properties' to 'false' to disable
2026-01-13T16:24:18.925-05:00  INFO 46916 --- [service-dependency-api] [  restartedMain] .e.DevToolsPropertyDefaultsPostProcessor : For additional web related logging consider setting the 'logging.level.web' property to 'DEBUG'
2026-01-13T16:24:19.643-05:00  INFO 46916 --- [service-dependency-api] [  restartedMain] .s.d.r.c.RepositoryConfigurationDelegate : Bootstrapping Spring Data JPA repositories in DEFAULT mode.
2026-01-13T16:24:19.701-05:00  INFO 46916 --- [service-dependency-api] [  restartedMain] .s.d.r.c.RepositoryConfigurationDelegate : Finished Spring Data repository scanning in 51 ms. Found 3 JPA repository interfaces.
2026-01-13T16:24:20.278-05:00  INFO 46916 --- [service-dependency-api] [  restartedMain] o.s.b.w.embedded.tomcat.TomcatWebServer  : Tomcat initialized with port 8084 (http)
2026-01-13T16:24:20.290-05:00  INFO 46916 --- [service-dependency-api] [  restartedMain] o.apache.catalina.core.StandardService   : Starting service [Tomcat]
2026-01-13T16:24:20.290-05:00  INFO 46916 --- [service-dependency-api] [  restartedMain] o.apache.catalina.core.StandardEngine    : Starting Servlet engine: [Apache Tomcat/10.1.17]
2026-01-13T16:24:20.339-05:00  INFO 46916 --- [service-dependency-api] [  restartedMain] o.a.c.c.C.[Tomcat].[localhost].[/]       : Initializing Spring embedded WebApplicationContext
2026-01-13T16:24:20.340-05:00  INFO 46916 --- [service-dependency-api] [  restartedMain] w.s.c.ServletWebServerApplicationContext : Root WebApplicationContext: initialization completed in 1414 ms
2026-01-13T16:24:20.367-05:00  INFO 46916 --- [service-dependency-api] [  restartedMain] com.zaxxer.hikari.HikariDataSource       : HikariPool-1 - Starting...
2026-01-13T16:24:20.579-05:00  INFO 46916 --- [service-dependency-api] [  restartedMain] com.zaxxer.hikari.pool.HikariPool        : HikariPool-1 - Added connection conn0: url=jdbc:h2:file:./data/servicedb user=SA
2026-01-13T16:24:20.581-05:00  INFO 46916 --- [service-dependency-api] [  restartedMain] com.zaxxer.hikari.HikariDataSource       : HikariPool-1 - Start completed.
2026-01-13T16:24:20.591-05:00  INFO 46916 --- [service-dependency-api] [  restartedMain] o.s.b.a.h2.H2ConsoleAutoConfiguration    : H2 console available at '/h2-console'. Database available at 'jdbc:h2:file:./data/servicedb'
2026-01-13T16:24:20.695-05:00  INFO 46916 --- [service-dependency-api] [  restartedMain] o.hibernate.jpa.internal.util.LogHelper  : HHH000204: Processing PersistenceUnitInfo [name: default]
2026-01-13T16:24:20.742-05:00  INFO 46916 --- [service-dependency-api] [  restartedMain] org.hibernate.Version                    : HHH000412: Hibernate ORM core version 6.4.1.Final
2026-01-13T16:24:20.774-05:00  INFO 46916 --- [service-dependency-api] [  restartedMain] o.h.c.internal.RegionFactoryInitiator    : HHH000026: Second-level cache disabled
2026-01-13T16:24:20.977-05:00  INFO 46916 --- [service-dependency-api] [  restartedMain] o.s.o.j.p.SpringPersistenceUnitInfo      : No LoadTimeWeaver setup: ignoring JPA class transformer
2026-01-13T16:24:21.016-05:00  WARN 46916 --- [service-dependency-api] [  restartedMain] org.hibernate.orm.deprecation            : HHH90000025: H2Dialect does not need to be specified explicitly using 'hibernate.dialect' (remove the property setting and it will be selected by default)
2026-01-13T16:24:21.861-05:00  INFO 46916 --- [service-dependency-api] [  restartedMain] o.h.e.t.j.p.i.JtaPlatformInitiator       : HHH000489: No JTA platform available (set 'hibernate.transaction.jta.platform' to enable JTA platform integration)
2026-01-13T16:24:21.914-05:00  INFO 46916 --- [service-dependency-api] [  restartedMain] j.LocalContainerEntityManagerFactoryBean : Initialized JPA EntityManagerFactory for persistence unit 'default'
2026-01-13T16:24:22.320-05:00  WARN 46916 --- [service-dependency-api] [  restartedMain] JpaBaseConfiguration$JpaWebConfiguration : spring.jpa.open-in-view is enabled by default. Therefore, database queries may be performed during view rendering. Explicitly configure spring.jpa.open-in-view to disable this warning
2026-01-13T16:24:22.674-05:00  INFO 46916 --- [service-dependency-api] [  restartedMain] o.s.b.d.a.OptionalLiveReloadServer       : LiveReload server is running on port 35729
2026-01-13T16:24:22.702-05:00  INFO 46916 --- [service-dependency-api] [  restartedMain] o.s.b.w.embedded.tomcat.TomcatWebServer  : Tomcat started on port 8084 (http) with context path ''
2026-01-13T16:24:22.709-05:00  INFO 46916 --- [service-dependency-api] [  restartedMain] c.e.s.ServiceDependencyApiApplication    : Started ServiceDependencyApiApplication in 4.311 seconds (process running for 4.667)
2026-01-13T16:24:29.788-05:00  INFO 46916 --- [service-dependency-api] [nio-8084-exec-1] o.a.c.c.C.[Tomcat].[localhost].[/]       : Initializing Spring DispatcherServlet 'dispatcherServlet'
2026-01-13T16:24:29.788-05:00  INFO 46916 --- [service-dependency-api] [nio-8084-exec-1] o.s.web.servlet.DispatcherServlet        : Initializing Servlet 'dispatcherServlet'
2026-01-13T16:24:29.789-05:00  INFO 46916 --- [service-dependency-api] [nio-8084-exec-1] o.s.web.servlet.DispatcherServlet        : Completed initialization in 1 ms
2026-01-13T16:26:50.132-05:00  INFO 46916 --- [service-dependency-api] [   File Watcher] rtingClassPathChangeChangedEventListener : Restarting due to 1 class path change (0 additions, 0 deletions, 1 modification)
2026-01-13T16:26:50.146-05:00  INFO 46916 --- [service-dependency-api] [       Thread-6] j.LocalContainerEntityManagerFactoryBean : Closing JPA EntityManagerFactory for persistence unit 'default'
2026-01-13T16:26:50.149-05:00  INFO 46916 --- [service-dependency-api] [       Thread-6] com.zaxxer.hikari.HikariDataSource       : HikariPool-1 - Shutdown initiated...
2026-01-13T16:26:50.352-05:00  INFO 46916 --- [service-dependency-api] [       Thread-6] com.zaxxer.hikari.HikariDataSource       : HikariPool-1 - Shutdown completed.

  .   ____          _            __ _ _
 /\\ / ___'_ __ _ _(_)_ __  __ _ \ \ \ \
( ( )\___ | '_ | '_| | '_ \/ _` | \ \ \ \
 \\/  ___)| |_)| | | | | || (_| |  ) ) ) )
  '  |____| .__|_| |_|_| |_\__, | / / / /
 =========|_|==============|___/=/_/_/_/
 :: Spring Boot ::                (v3.2.1)

2026-01-13T16:26:50.468-05:00  INFO 46916 --- [service-dependency-api] [  restartedMain] c.e.s.ServiceDependencyApiApplication    : Starting ServiceDependencyApiApplication using Java 21.0.8 with PID 46916 (D:\apps\ws\ws8\service-dependency-api\target\classes started by smate in D:\apps\ws\ws8\service-dependency-api)
2026-01-13T16:26:50.469-05:00 DEBUG 46916 --- [service-dependency-api] [  restartedMain] c.e.s.ServiceDependencyApiApplication    : Running with Spring Boot v3.2.1, Spring v6.1.2
2026-01-13T16:26:50.469-05:00  INFO 46916 --- [service-dependency-api] [  restartedMain] c.e.s.ServiceDependencyApiApplication    : No active profile set, falling back to 1 default profile: "default"
2026-01-13T16:26:50.583-05:00  INFO 46916 --- [service-dependency-api] [  restartedMain] .s.d.r.c.RepositoryConfigurationDelegate : Bootstrapping Spring Data JPA repositories in DEFAULT mode.
2026-01-13T16:26:50.595-05:00  INFO 46916 --- [service-dependency-api] [  restartedMain] .s.d.r.c.RepositoryConfigurationDelegate : Finished Spring Data repository scanning in 10 ms. Found 3 JPA repository interfaces.
2026-01-13T16:26:50.645-05:00  INFO 46916 --- [service-dependency-api] [  restartedMain] o.s.b.w.embedded.tomcat.TomcatWebServer  : Tomcat initialized with port 8084 (http)
2026-01-13T16:26:50.646-05:00  INFO 46916 --- [service-dependency-api] [  restartedMain] o.apache.catalina.core.StandardService   : Starting service [Tomcat]
2026-01-13T16:26:50.646-05:00  INFO 46916 --- [service-dependency-api] [  restartedMain] o.apache.catalina.core.StandardEngine    : Starting Servlet engine: [Apache Tomcat/10.1.17]
2026-01-13T16:26:50.657-05:00  INFO 46916 --- [service-dependency-api] [  restartedMain] o.a.c.c.C.[Tomcat].[localhost].[/]       : Initializing Spring embedded WebApplicationContext
2026-01-13T16:26:50.657-05:00  INFO 46916 --- [service-dependency-api] [  restartedMain] w.s.c.ServletWebServerApplicationContext : Root WebApplicationContext: initialization completed in 187 ms
2026-01-13T16:26:50.665-05:00  INFO 46916 --- [service-dependency-api] [  restartedMain] com.zaxxer.hikari.HikariDataSource       : HikariPool-2 - Starting...
2026-01-13T16:26:50.683-05:00  INFO 46916 --- [service-dependency-api] [  restartedMain] com.zaxxer.hikari.pool.HikariPool        : HikariPool-2 - Added connection conn10: url=jdbc:h2:file:./data/servicedb user=SA
2026-01-13T16:26:50.683-05:00  INFO 46916 --- [service-dependency-api] [  restartedMain] com.zaxxer.hikari.HikariDataSource       : HikariPool-2 - Start completed.
2026-01-13T16:26:50.683-05:00  INFO 46916 --- [service-dependency-api] [  restartedMain] o.s.b.a.h2.H2ConsoleAutoConfiguration    : H2 console available at '/h2-console'. Database available at 'jdbc:h2:file:./data/servicedb'
2026-01-13T16:26:50.694-05:00  INFO 46916 --- [service-dependency-api] [  restartedMain] o.hibernate.jpa.internal.util.LogHelper  : HHH000204: Processing PersistenceUnitInfo [name: default]
2026-01-13T16:26:50.699-05:00  INFO 46916 --- [service-dependency-api] [  restartedMain] o.h.c.internal.RegionFactoryInitiator    : HHH000026: Second-level cache disabled
2026-01-13T16:26:50.701-05:00  INFO 46916 --- [service-dependency-api] [  restartedMain] o.s.o.j.p.SpringPersistenceUnitInfo      : No LoadTimeWeaver setup: ignoring JPA class transformer
2026-01-13T16:26:50.702-05:00  WARN 46916 --- [service-dependency-api] [  restartedMain] org.hibernate.orm.deprecation            : HHH90000025: H2Dialect does not need to be specified explicitly using 'hibernate.dialect' (remove the property setting and it will be selected by default)
2026-01-13T16:26:50.763-05:00  INFO 46916 --- [service-dependency-api] [  restartedMain] o.h.e.t.j.p.i.JtaPlatformInitiator       : HHH000489: No JTA platform available (set 'hibernate.transaction.jta.platform' to enable JTA platform integration)
2026-01-13T16:26:50.767-05:00  INFO 46916 --- [service-dependency-api] [  restartedMain] j.LocalContainerEntityManagerFactoryBean : Initialized JPA EntityManagerFactory for persistence unit 'default'
2026-01-13T16:26:50.837-05:00  WARN 46916 --- [service-dependency-api] [  restartedMain] JpaBaseConfiguration$JpaWebConfiguration : spring.jpa.open-in-view is enabled by default. Therefore, database queries may be performed during view rendering. Explicitly configure spring.jpa.open-in-view to disable this warning
2026-01-13T16:26:50.978-05:00  INFO 46916 --- [service-dependency-api] [  restartedMain] o.s.b.d.a.OptionalLiveReloadServer       : LiveReload server is running on port 35729
2026-01-13T16:26:50.985-05:00  INFO 46916 --- [service-dependency-api] [  restartedMain] o.s.b.w.embedded.tomcat.TomcatWebServer  : Tomcat started on port 8084 (http) with context path ''
2026-01-13T16:26:50.986-05:00  INFO 46916 --- [service-dependency-api] [  restartedMain] c.e.s.ServiceDependencyApiApplication    : Started ServiceDependencyApiApplication in 0.544 seconds (process running for 152.945)
2026-01-13T16:26:50.989-05:00  INFO 46916 --- [service-dependency-api] [  restartedMain] .ConditionEvaluationDeltaLoggingListener : Condition evaluation unchanged
2026-01-13T16:30:55.611-05:00  INFO 46916 --- [service-dependency-api] [   File Watcher] rtingClassPathChangeChangedEventListener : Restarting due to 16 class path changes (0 additions, 15 deletions, 1 modification)
2026-01-13T16:30:55.622-05:00  INFO 46916 --- [service-dependency-api] [       Thread-8] j.LocalContainerEntityManagerFactoryBean : Closing JPA EntityManagerFactory for persistence unit 'default'
2026-01-13T16:30:55.622-05:00  INFO 46916 --- [service-dependency-api] [       Thread-8] com.zaxxer.hikari.HikariDataSource       : HikariPool-2 - Shutdown initiated...
2026-01-13T16:30:55.827-05:00  INFO 46916 --- [service-dependency-api] [       Thread-8] com.zaxxer.hikari.HikariDataSource       : HikariPool-2 - Shutdown completed.

  .   ____          _            __ _ _
 /\\ / ___'_ __ _ _(_)_ __  __ _ \ \ \ \
( ( )\___ | '_ | '_| | '_ \/ _` | \ \ \ \
 \\/  ___)| |_)| | | | | || (_| |  ) ) ) )
  '  |____| .__|_| |_|_| |_\__, | / / / /
 =========|_|==============|___/=/_/_/_/
 :: Spring Boot ::                (v3.2.1)

2026-01-13T16:30:55.953-05:00  INFO 46916 --- [service-dependency-api] [  restartedMain] c.e.s.ServiceDependencyApiApplication    : Starting ServiceDependencyApiApplication using Java 21.0.8 with PID 46916 (D:\apps\ws\ws8\service-dependency-api\target\classes started by smate in D:\apps\ws\ws8\service-dependency-api)
2026-01-13T16:30:55.954-05:00 DEBUG 46916 --- [service-dependency-api] [  restartedMain] c.e.s.ServiceDependencyApiApplication    : Running with Spring Boot v3.2.1, Spring v6.1.2
2026-01-13T16:30:55.954-05:00  INFO 46916 --- [service-dependency-api] [  restartedMain] c.e.s.ServiceDependencyApiApplication    : No active profile set, falling back to 1 default profile: "default"
2026-01-13T16:30:56.087-05:00  INFO 46916 --- [service-dependency-api] [  restartedMain] .s.d.r.c.RepositoryConfigurationDelegate : Bootstrapping Spring Data JPA repositories in DEFAULT mode.
2026-01-13T16:30:56.088-05:00  INFO 46916 --- [service-dependency-api] [  restartedMain] .s.d.r.c.RepositoryConfigurationDelegate : Finished Spring Data repository scanning in 0 ms. Found 0 JPA repository interfaces.
2026-01-13T16:30:56.153-05:00  INFO 46916 --- [service-dependency-api] [  restartedMain] o.s.b.w.embedded.tomcat.TomcatWebServer  : Tomcat initialized with port 8084 (http)
2026-01-13T16:30:56.153-05:00  INFO 46916 --- [service-dependency-api] [  restartedMain] o.apache.catalina.core.StandardService   : Starting service [Tomcat]
2026-01-13T16:30:56.153-05:00  INFO 46916 --- [service-dependency-api] [  restartedMain] o.apache.catalina.core.StandardEngine    : Starting Servlet engine: [Apache Tomcat/10.1.17]
2026-01-13T16:30:56.170-05:00  INFO 46916 --- [service-dependency-api] [  restartedMain] o.a.c.c.C.[Tomcat].[localhost].[/]       : Initializing Spring embedded WebApplicationContext
2026-01-13T16:30:56.170-05:00  INFO 46916 --- [service-dependency-api] [  restartedMain] w.s.c.ServletWebServerApplicationContext : Root WebApplicationContext: initialization completed in 215 ms
2026-01-13T16:30:56.186-05:00  INFO 46916 --- [service-dependency-api] [  restartedMain] com.zaxxer.hikari.HikariDataSource       : HikariPool-3 - Starting...
2026-01-13T16:30:56.191-05:00  INFO 46916 --- [service-dependency-api] [  restartedMain] com.zaxxer.hikari.pool.HikariPool        : HikariPool-3 - Added connection conn20: url=jdbc:h2:file:./data/servicedb user=SA
2026-01-13T16:30:56.191-05:00  INFO 46916 --- [service-dependency-api] [  restartedMain] com.zaxxer.hikari.HikariDataSource       : HikariPool-3 - Start completed.
2026-01-13T16:30:56.191-05:00  INFO 46916 --- [service-dependency-api] [  restartedMain] o.s.b.a.h2.H2ConsoleAutoConfiguration    : H2 console available at '/h2-console'. Database available at 'jdbc:h2:file:./data/servicedb'
2026-01-13T16:30:56.204-05:00  INFO 46916 --- [service-dependency-api] [  restartedMain] o.hibernate.jpa.internal.util.LogHelper  : HHH000204: Processing PersistenceUnitInfo [name: default]
2026-01-13T16:30:56.205-05:00  INFO 46916 --- [service-dependency-api] [  restartedMain] o.h.c.internal.RegionFactoryInitiator    : HHH000026: Second-level cache disabled
2026-01-13T16:30:56.207-05:00  INFO 46916 --- [service-dependency-api] [  restartedMain] o.s.o.j.p.SpringPersistenceUnitInfo      : No LoadTimeWeaver setup: ignoring JPA class transformer
2026-01-13T16:30:56.208-05:00  WARN 46916 --- [service-dependency-api] [  restartedMain] org.hibernate.orm.deprecation            : HHH90000025: H2Dialect does not need to be specified explicitly using 'hibernate.dialect' (remove the property setting and it will be selected by default)
2026-01-13T16:30:56.213-05:00  INFO 46916 --- [service-dependency-api] [  restartedMain] o.h.e.t.j.p.i.JtaPlatformInitiator       : HHH000489: No JTA platform available (set 'hibernate.transaction.jta.platform' to enable JTA platform integration)
2026-01-13T16:30:56.213-05:00  INFO 46916 --- [service-dependency-api] [  restartedMain] j.LocalContainerEntityManagerFactoryBean : Initialized JPA EntityManagerFactory for persistence unit 'default'
2026-01-13T16:30:56.246-05:00  WARN 46916 --- [service-dependency-api] [  restartedMain] JpaBaseConfiguration$JpaWebConfiguration : spring.jpa.open-in-view is enabled by default. Therefore, database queries may be performed during view rendering. Explicitly configure spring.jpa.open-in-view to disable this warning
2026-01-13T16:30:56.355-05:00  WARN 46916 --- [service-dependency-api] [  restartedMain] ConfigServletWebServerApplicationContext : Exception encountered during context initialization - cancelling refresh attempt: org.springframework.beans.factory.BeanCreationException: Error creating bean with name 'dataSourceScriptDatabaseInitializer' defined in class path resource [org/springframework/boot/autoconfigure/sql/init/DataSourceInitializationConfiguration.class]: Failed to execute SQL script statement #1 of file [D:\apps\ws\ws8\service-dependency-api\target\classes\data.sql]: INSERT INTO applications (id, application_id, name, description, owner, status) VALUES (1, 'APP-USER-MGMT', 'User Management System', 'Handles user authentication and profiles', 'Team Alpha', 'ACTIVE'), (2, 'APP-ORDER-PROC', 'Order Processing System', 'Processes customer orders', 'Team Beta', 'ACTIVE'), (3, 'APP-PAYMENT-GW', 'Payment Gateway', 'Handles payment transactions', 'Team Gamma', 'ACTIVE'), (4, 'APP-INVENTORY', 'Inventory Management', 'Manages product inventory', 'Team Delta', 'ACTIVE'), (5, 'APP-SHIPPING', 'Shipping Service', 'Coordinates product shipping', 'Team Epsilon', 'ACTIVE'), (6, 'APP-NOTIFICATION', 'Notification System', 'Sends emails and SMS', 'Team Zeta', 'ACTIVE'), (7, 'APP-ANALYTICS', 'Analytics Engine', 'Business intelligence and reports', 'Team Eta', 'ACTIVE'), (8, 'APP-SEARCH', 'Search Service', 'Product and content search', 'Team Theta', 'ACTIVE'), (9, 'APP-RECOMMEND', 'Recommendation Engine', 'Product recommendations', 'Team Iota', 'ACTIVE'), (10, 'APP-PRICING', 'Pricing Service', 'Dynamic pricing calculations', 'Team Kappa', 'ACTIVE'), (11, 'APP-TAX-CALC', 'Tax Calculator', 'Calculates taxes for orders', 'Team Lambda', 'ACTIVE'), (12, 'APP-DISCOUNT', 'Discount Engine', 'Manages promotions and discounts', 'Team Mu', 'ACTIVE'), (13, 'APP-REVIEW', 'Review System', 'Customer reviews and ratings', 'Team Nu', 'ACTIVE'), (14, 'APP-WISHLIST', 'Wishlist Service', 'User wishlists and favorites', 'Team Xi', 'ACTIVE'), (15, 'APP-CART', 'Shopping Cart', 'Shopping cart management', 'Team Omicron', 'ACTIVE'), (16, 'APP-CATALOG', 'Product Catalog', 'Product information management', 'Team Pi', 'ACTIVE'), (17, 'APP-MEDIA', 'Media Service', 'Image and video management', 'Team Rho', 'ACTIVE'), (18, 'APP-FULFILLMENT', 'Order Fulfillment', 'Warehouse and fulfillment', 'Team Sigma', 'ACTIVE'), (19, 'APP-RETURNS', 'Returns Management', 'Handles product returns', 'Team Tau', 'ACTIVE'), (20, 'APP-LOYALTY', 'Loyalty Program', 'Customer loyalty and rewards', 'Team Upsilon', 'ACTIVE'), (21, 'APP-CMS', 'Content Management', 'Website content management', 'Team Phi', 'ACTIVE'), (22, 'APP-SUPPORT', 'Customer Support', 'Support tickets and chat', 'Team Chi', 'ACTIVE'), (23, 'APP-FRAUD', 'Fraud Detection', 'Fraud prevention system', 'Team Psi', 'ACTIVE'), (24, 'APP-VENDOR', 'Vendor Management', 'Third-party vendor coordination', 'Team Omega', 'ACTIVE'), (25, 'APP-SUBSCRIPTION', 'Subscription Service', 'Recurring subscriptions', 'Team Alpha2', 'ACTIVE'), (26, 'APP-BILLING', 'Billing System', 'Invoice and billing', 'Team Beta2', 'ACTIVE'), (27, 'APP-REPORTING', 'Reporting Service', 'Business reports', 'Team Gamma2', 'ACTIVE'), (28, 'APP-AUDIT', 'Audit Logger', 'System audit logs', 'Team Delta2', 'ACTIVE'), (29, 'APP-CONFIG', 'Configuration Service', 'Application configuration', 'Team Epsilon2', 'ACTIVE'), (30, 'APP-CACHE', 'Caching Service', 'Distributed caching', 'Team Zeta2', 'ACTIVE'), (31, 'APP-SESSION', 'Session Management', 'User session handling', 'Team Eta2', 'ACTIVE'), (32, 'APP-LOCALE', 'Localization Service', 'Multi-language support', 'Team Theta2', 'ACTIVE'), (33, 'APP-CURRENCY', 'Currency Converter', 'Multi-currency support', 'Team Iota2', 'ACTIVE'), (34, 'APP-GEO', 'Geolocation Service', 'Location-based services', 'Team Kappa2', 'ACTIVE'), (35, 'APP-WEATHER', 'Weather Service', 'Weather information', 'Team Lambda2', 'ACTIVE'), (36, 'APP-ADDRESS', 'Address Validation', 'Address verification', 'Team Mu2', 'ACTIVE'), (37, 'APP-CREDIT', 'Credit Check', 'Credit verification', 'Team Nu2', 'ACTIVE'), (38, 'APP-KYC', 'KYC Verification', 'Know Your Customer checks', 'Team Xi2', 'ACTIVE'), (39, 'APP-COMPLIANCE', 'Compliance Service', 'Regulatory compliance', 'Team Omicron2', 'ACTIVE'), (40, 'APP-EMAIL', 'Email Service', 'Email delivery', 'Team Pi2', 'ACTIVE'), (41, 'APP-SMS', 'SMS Service', 'SMS notifications', 'Team Rho2', 'ACTIVE'), (42, 'APP-PUSH', 'Push Notification', 'Mobile push notifications', 'Team Sigma2', 'ACTIVE'), (43, 'APP-QUEUE', 'Message Queue', 'Asynchronous messaging', 'Team Tau2', 'ACTIVE'), (44, 'APP-SCHEDULER', 'Job Scheduler', 'Background job scheduling', 'Team Upsilon2', 'ACTIVE'), (45, 'APP-FILE', 'File Storage', 'Document storage', 'Team Phi2', 'ACTIVE'), (46, 'APP-BACKUP', 'Backup Service', 'Data backup', 'Team Chi2', 'ACTIVE'), (47, 'APP-MONITOR', 'Monitoring Service', 'System monitoring', 'Team Psi2', 'ACTIVE'), (48, 'APP-HEALTH', 'Health Check', 'Service health monitoring', 'Team Omega2', 'ACTIVE'), (49, 'APP-GATEWAY', 'API Gateway', 'API routing and management', 'Team Alpha3', 'ACTIVE'), (50, 'APP-AUTH', 'Authorization Service', 'Permission and roles', 'Team Beta3', 'ACTIVE')
2026-01-13T16:30:56.355-05:00  INFO 46916 --- [service-dependency-api] [  restartedMain] j.LocalContainerEntityManagerFactoryBean : Closing JPA EntityManagerFactory for persistence unit 'default'
2026-01-13T16:30:56.355-05:00  INFO 46916 --- [service-dependency-api] [  restartedMain] com.zaxxer.hikari.HikariDataSource       : HikariPool-3 - Shutdown initiated...
2026-01-13T16:30:56.369-05:00  INFO 46916 --- [service-dependency-api] [  restartedMain] com.zaxxer.hikari.HikariDataSource       : HikariPool-3 - Shutdown completed.
2026-01-13T16:30:56.370-05:00  INFO 46916 --- [service-dependency-api] [  restartedMain] o.apache.catalina.core.StandardService   : Stopping service [Tomcat]
2026-01-13T16:30:56.375-05:00  INFO 46916 --- [service-dependency-api] [  restartedMain] .s.b.a.l.ConditionEvaluationReportLogger : 

Error starting ApplicationContext. To display the condition evaluation report re-run your application with 'debug' enabled.
2026-01-13T16:30:56.392-05:00 ERROR 46916 --- [service-dependency-api] [  restartedMain] o.s.boot.SpringApplication               : Application run failed

org.springframework.beans.factory.BeanCreationException: Error creating bean with name 'dataSourceScriptDatabaseInitializer' defined in class path resource [org/springframework/boot/autoconfigure/sql/init/DataSourceInitializationConfiguration.class]: Failed to execute SQL script statement #1 of file [D:\apps\ws\ws8\service-dependency-api\target\classes\data.sql]: INSERT INTO applications (id, application_id, name, description, owner, status) VALUES (1, 'APP-USER-MGMT', 'User Management System', 'Handles user authentication and profiles', 'Team Alpha', 'ACTIVE'), (2, 'APP-ORDER-PROC', 'Order Processing System', 'Processes customer orders', 'Team Beta', 'ACTIVE'), (3, 'APP-PAYMENT-GW', 'Payment Gateway', 'Handles payment transactions', 'Team Gamma', 'ACTIVE'), (4, 'APP-INVENTORY', 'Inventory Management', 'Manages product inventory', 'Team Delta', 'ACTIVE'), (5, 'APP-SHIPPING', 'Shipping Service', 'Coordinates product shipping', 'Team Epsilon', 'ACTIVE'), (6, 'APP-NOTIFICATION', 'Notification System', 'Sends emails and SMS', 'Team Zeta', 'ACTIVE'), (7, 'APP-ANALYTICS', 'Analytics Engine', 'Business intelligence and reports', 'Team Eta', 'ACTIVE'), (8, 'APP-SEARCH', 'Search Service', 'Product and content search', 'Team Theta', 'ACTIVE'), (9, 'APP-RECOMMEND', 'Recommendation Engine', 'Product recommendations', 'Team Iota', 'ACTIVE'), (10, 'APP-PRICING', 'Pricing Service', 'Dynamic pricing calculations', 'Team Kappa', 'ACTIVE'), (11, 'APP-TAX-CALC', 'Tax Calculator', 'Calculates taxes for orders', 'Team Lambda', 'ACTIVE'), (12, 'APP-DISCOUNT', 'Discount Engine', 'Manages promotions and discounts', 'Team Mu', 'ACTIVE'), (13, 'APP-REVIEW', 'Review System', 'Customer reviews and ratings', 'Team Nu', 'ACTIVE'), (14, 'APP-WISHLIST', 'Wishlist Service', 'User wishlists and favorites', 'Team Xi', 'ACTIVE'), (15, 'APP-CART', 'Shopping Cart', 'Shopping cart management', 'Team Omicron', 'ACTIVE'), (16, 'APP-CATALOG', 'Product Catalog', 'Product information management', 'Team Pi', 'ACTIVE'), (17, 'APP-MEDIA', 'Media Service', 'Image and video management', 'Team Rho', 'ACTIVE'), (18, 'APP-FULFILLMENT', 'Order Fulfillment', 'Warehouse and fulfillment', 'Team Sigma', 'ACTIVE'), (19, 'APP-RETURNS', 'Returns Management', 'Handles product returns', 'Team Tau', 'ACTIVE'), (20, 'APP-LOYALTY', 'Loyalty Program', 'Customer loyalty and rewards', 'Team Upsilon', 'ACTIVE'), (21, 'APP-CMS', 'Content Management', 'Website content management', 'Team Phi', 'ACTIVE'), (22, 'APP-SUPPORT', 'Customer Support', 'Support tickets and chat', 'Team Chi', 'ACTIVE'), (23, 'APP-FRAUD', 'Fraud Detection', 'Fraud prevention system', 'Team Psi', 'ACTIVE'), (24, 'APP-VENDOR', 'Vendor Management', 'Third-party vendor coordination', 'Team Omega', 'ACTIVE'), (25, 'APP-SUBSCRIPTION', 'Subscription Service', 'Recurring subscriptions', 'Team Alpha2', 'ACTIVE'), (26, 'APP-BILLING', 'Billing System', 'Invoice and billing', 'Team Beta2', 'ACTIVE'), (27, 'APP-REPORTING', 'Reporting Service', 'Business reports', 'Team Gamma2', 'ACTIVE'), (28, 'APP-AUDIT', 'Audit Logger', 'System audit logs', 'Team Delta2', 'ACTIVE'), (29, 'APP-CONFIG', 'Configuration Service', 'Application configuration', 'Team Epsilon2', 'ACTIVE'), (30, 'APP-CACHE', 'Caching Service', 'Distributed caching', 'Team Zeta2', 'ACTIVE'), (31, 'APP-SESSION', 'Session Management', 'User session handling', 'Team Eta2', 'ACTIVE'), (32, 'APP-LOCALE', 'Localization Service', 'Multi-language support', 'Team Theta2', 'ACTIVE'), (33, 'APP-CURRENCY', 'Currency Converter', 'Multi-currency support', 'Team Iota2', 'ACTIVE'), (34, 'APP-GEO', 'Geolocation Service', 'Location-based services', 'Team Kappa2', 'ACTIVE'), (35, 'APP-WEATHER', 'Weather Service', 'Weather information', 'Team Lambda2', 'ACTIVE'), (36, 'APP-ADDRESS', 'Address Validation', 'Address verification', 'Team Mu2', 'ACTIVE'), (37, 'APP-CREDIT', 'Credit Check', 'Credit verification', 'Team Nu2', 'ACTIVE'), (38, 'APP-KYC', 'KYC Verification', 'Know Your Customer checks', 'Team Xi2', 'ACTIVE'), (39, 'APP-COMPLIANCE', 'Compliance Service', 'Regulatory compliance', 'Team Omicron2', 'ACTIVE'), (40, 'APP-EMAIL', 'Email Service', 'Email delivery', 'Team Pi2', 'ACTIVE'), (41, 'APP-SMS', 'SMS Service', 'SMS notifications', 'Team Rho2', 'ACTIVE'), (42, 'APP-PUSH', 'Push Notification', 'Mobile push notifications', 'Team Sigma2', 'ACTIVE'), (43, 'APP-QUEUE', 'Message Queue', 'Asynchronous messaging', 'Team Tau2', 'ACTIVE'), (44, 'APP-SCHEDULER', 'Job Scheduler', 'Background job scheduling', 'Team Upsilon2', 'ACTIVE'), (45, 'APP-FILE', 'File Storage', 'Document storage', 'Team Phi2', 'ACTIVE'), (46, 'APP-BACKUP', 'Backup Service', 'Data backup', 'Team Chi2', 'ACTIVE'), (47, 'APP-MONITOR', 'Monitoring Service', 'System monitoring', 'Team Psi2', 'ACTIVE'), (48, 'APP-HEALTH', 'Health Check', 'Service health monitoring', 'Team Omega2', 'ACTIVE'), (49, 'APP-GATEWAY', 'API Gateway', 'API routing and management', 'Team Alpha3', 'ACTIVE'), (50, 'APP-AUTH', 'Authorization Service', 'Permission and roles', 'Team Beta3', 'ACTIVE')
	at org.springframework.beans.factory.support.AbstractAutowireCapableBeanFactory.initializeBean(AbstractAutowireCapableBeanFactory.java:1773) ~[spring-beans-6.1.2.jar:6.1.2]
	at org.springframework.beans.factory.support.AbstractAutowireCapableBeanFactory.doCreateBean(AbstractAutowireCapableBeanFactory.java:599) ~[spring-beans-6.1.2.jar:6.1.2]
	at org.springframework.beans.factory.support.AbstractAutowireCapableBeanFactory.createBean(AbstractAutowireCapableBeanFactory.java:521) ~[spring-beans-6.1.2.jar:6.1.2]
	at org.springframework.beans.factory.support.AbstractBeanFactory.lambda$doGetBean$0(AbstractBeanFactory.java:325) ~[spring-beans-6.1.2.jar:6.1.2]
	at org.springframework.beans.factory.support.DefaultSingletonBeanRegistry.getSingleton(DefaultSingletonBeanRegistry.java:234) ~[spring-beans-6.1.2.jar:6.1.2]
	at org.springframework.beans.factory.support.AbstractBeanFactory.doGetBean(AbstractBeanFactory.java:323) ~[spring-beans-6.1.2.jar:6.1.2]
	at org.springframework.beans.factory.support.AbstractBeanFactory.getBean(AbstractBeanFactory.java:199) ~[spring-beans-6.1.2.jar:6.1.2]
	at org.springframework.beans.factory.support.AbstractBeanFactory.doGetBean(AbstractBeanFactory.java:312) ~[spring-beans-6.1.2.jar:6.1.2]
	at org.springframework.beans.factory.support.AbstractBeanFactory.getBean(AbstractBeanFactory.java:199) ~[spring-beans-6.1.2.jar:6.1.2]
	at org.springframework.beans.factory.support.DefaultListableBeanFactory.preInstantiateSingletons(DefaultListableBeanFactory.java:975) ~[spring-beans-6.1.2.jar:6.1.2]
	at org.springframework.context.support.AbstractApplicationContext.finishBeanFactoryInitialization(AbstractApplicationContext.java:960) ~[spring-context-6.1.2.jar:6.1.2]
	at org.springframework.context.support.AbstractApplicationContext.refresh(AbstractApplicationContext.java:625) ~[spring-context-6.1.2.jar:6.1.2]
	at org.springframework.boot.web.servlet.context.ServletWebServerApplicationContext.refresh(ServletWebServerApplicationContext.java:146) ~[spring-boot-3.2.1.jar:3.2.1]
	at org.springframework.boot.SpringApplication.refresh(SpringApplication.java:762) ~[spring-boot-3.2.1.jar:3.2.1]
	at org.springframework.boot.SpringApplication.refreshContext(SpringApplication.java:464) ~[spring-boot-3.2.1.jar:3.2.1]
	at org.springframework.boot.SpringApplication.run(SpringApplication.java:334) ~[spring-boot-3.2.1.jar:3.2.1]
	at org.springframework.boot.SpringApplication.run(SpringApplication.java:1358) ~[spring-boot-3.2.1.jar:3.2.1]
	at org.springframework.boot.SpringApplication.run(SpringApplication.java:1347) ~[spring-boot-3.2.1.jar:3.2.1]
	at com.example.servicedep.ServiceDependencyApiApplication.main(ServiceDependencyApiApplication.java:26) ~[classes/:na]
	at java.base/jdk.internal.reflect.DirectMethodHandleAccessor.invoke(DirectMethodHandleAccessor.java:103) ~[na:na]
	at java.base/java.lang.reflect.Method.invoke(Method.java:580) ~[na:na]
	at org.springframework.boot.devtools.restart.RestartLauncher.run(RestartLauncher.java:50) ~[spring-boot-devtools-3.2.1.jar:3.2.1]
Caused by: org.springframework.jdbc.datasource.init.ScriptStatementFailedException: Failed to execute SQL script statement #1 of file [D:\apps\ws\ws8\service-dependency-api\target\classes\data.sql]: INSERT INTO applications (id, application_id, name, description, owner, status) VALUES (1, 'APP-USER-MGMT', 'User Management System', 'Handles user authentication and profiles', 'Team Alpha', 'ACTIVE'), (2, 'APP-ORDER-PROC', 'Order Processing System', 'Processes customer orders', 'Team Beta', 'ACTIVE'), (3, 'APP-PAYMENT-GW', 'Payment Gateway', 'Handles payment transactions', 'Team Gamma', 'ACTIVE'), (4, 'APP-INVENTORY', 'Inventory Management', 'Manages product inventory', 'Team Delta', 'ACTIVE'), (5, 'APP-SHIPPING', 'Shipping Service', 'Coordinates product shipping', 'Team Epsilon', 'ACTIVE'), (6, 'APP-NOTIFICATION', 'Notification System', 'Sends emails and SMS', 'Team Zeta', 'ACTIVE'), (7, 'APP-ANALYTICS', 'Analytics Engine', 'Business intelligence and reports', 'Team Eta', 'ACTIVE'), (8, 'APP-SEARCH', 'Search Service', 'Product and content search', 'Team Theta', 'ACTIVE'), (9, 'APP-RECOMMEND', 'Recommendation Engine', 'Product recommendations', 'Team Iota', 'ACTIVE'), (10, 'APP-PRICING', 'Pricing Service', 'Dynamic pricing calculations', 'Team Kappa', 'ACTIVE'), (11, 'APP-TAX-CALC', 'Tax Calculator', 'Calculates taxes for orders', 'Team Lambda', 'ACTIVE'), (12, 'APP-DISCOUNT', 'Discount Engine', 'Manages promotions and discounts', 'Team Mu', 'ACTIVE'), (13, 'APP-REVIEW', 'Review System', 'Customer reviews and ratings', 'Team Nu', 'ACTIVE'), (14, 'APP-WISHLIST', 'Wishlist Service', 'User wishlists and favorites', 'Team Xi', 'ACTIVE'), (15, 'APP-CART', 'Shopping Cart', 'Shopping cart management', 'Team Omicron', 'ACTIVE'), (16, 'APP-CATALOG', 'Product Catalog', 'Product information management', 'Team Pi', 'ACTIVE'), (17, 'APP-MEDIA', 'Media Service', 'Image and video management', 'Team Rho', 'ACTIVE'), (18, 'APP-FULFILLMENT', 'Order Fulfillment', 'Warehouse and fulfillment', 'Team Sigma', 'ACTIVE'), (19, 'APP-RETURNS', 'Returns Management', 'Handles product returns', 'Team Tau', 'ACTIVE'), (20, 'APP-LOYALTY', 'Loyalty Program', 'Customer loyalty and rewards', 'Team Upsilon', 'ACTIVE'), (21, 'APP-CMS', 'Content Management', 'Website content management', 'Team Phi', 'ACTIVE'), (22, 'APP-SUPPORT', 'Customer Support', 'Support tickets and chat', 'Team Chi', 'ACTIVE'), (23, 'APP-FRAUD', 'Fraud Detection', 'Fraud prevention system', 'Team Psi', 'ACTIVE'), (24, 'APP-VENDOR', 'Vendor Management', 'Third-party vendor coordination', 'Team Omega', 'ACTIVE'), (25, 'APP-SUBSCRIPTION', 'Subscription Service', 'Recurring subscriptions', 'Team Alpha2', 'ACTIVE'), (26, 'APP-BILLING', 'Billing System', 'Invoice and billing', 'Team Beta2', 'ACTIVE'), (27, 'APP-REPORTING', 'Reporting Service', 'Business reports', 'Team Gamma2', 'ACTIVE'), (28, 'APP-AUDIT', 'Audit Logger', 'System audit logs', 'Team Delta2', 'ACTIVE'), (29, 'APP-CONFIG', 'Configuration Service', 'Application configuration', 'Team Epsilon2', 'ACTIVE'), (30, 'APP-CACHE', 'Caching Service', 'Distributed caching', 'Team Zeta2', 'ACTIVE'), (31, 'APP-SESSION', 'Session Management', 'User session handling', 'Team Eta2', 'ACTIVE'), (32, 'APP-LOCALE', 'Localization Service', 'Multi-language support', 'Team Theta2', 'ACTIVE'), (33, 'APP-CURRENCY', 'Currency Converter', 'Multi-currency support', 'Team Iota2', 'ACTIVE'), (34, 'APP-GEO', 'Geolocation Service', 'Location-based services', 'Team Kappa2', 'ACTIVE'), (35, 'APP-WEATHER', 'Weather Service', 'Weather information', 'Team Lambda2', 'ACTIVE'), (36, 'APP-ADDRESS', 'Address Validation', 'Address verification', 'Team Mu2', 'ACTIVE'), (37, 'APP-CREDIT', 'Credit Check', 'Credit verification', 'Team Nu2', 'ACTIVE'), (38, 'APP-KYC', 'KYC Verification', 'Know Your Customer checks', 'Team Xi2', 'ACTIVE'), (39, 'APP-COMPLIANCE', 'Compliance Service', 'Regulatory compliance', 'Team Omicron2', 'ACTIVE'), (40, 'APP-EMAIL', 'Email Service', 'Email delivery', 'Team Pi2', 'ACTIVE'), (41, 'APP-SMS', 'SMS Service', 'SMS notifications', 'Team Rho2', 'ACTIVE'), (42, 'APP-PUSH', 'Push Notification', 'Mobile push notifications', 'Team Sigma2', 'ACTIVE'), (43, 'APP-QUEUE', 'Message Queue', 'Asynchronous messaging', 'Team Tau2', 'ACTIVE'), (44, 'APP-SCHEDULER', 'Job Scheduler', 'Background job scheduling', 'Team Upsilon2', 'ACTIVE'), (45, 'APP-FILE', 'File Storage', 'Document storage', 'Team Phi2', 'ACTIVE'), (46, 'APP-BACKUP', 'Backup Service', 'Data backup', 'Team Chi2', 'ACTIVE'), (47, 'APP-MONITOR', 'Monitoring Service', 'System monitoring', 'Team Psi2', 'ACTIVE'), (48, 'APP-HEALTH', 'Health Check', 'Service health monitoring', 'Team Omega2', 'ACTIVE'), (49, 'APP-GATEWAY', 'API Gateway', 'API routing and management', 'Team Alpha3', 'ACTIVE'), (50, 'APP-AUTH', 'Authorization Service', 'Permission and roles', 'Team Beta3', 'ACTIVE')
	at org.springframework.jdbc.datasource.init.ScriptUtils.executeSqlScript(ScriptUtils.java:282) ~[spring-jdbc-6.1.2.jar:6.1.2]
	at org.springframework.jdbc.datasource.init.ResourceDatabasePopulator.populate(ResourceDatabasePopulator.java:254) ~[spring-jdbc-6.1.2.jar:6.1.2]
	at org.springframework.jdbc.datasource.init.DatabasePopulatorUtils.execute(DatabasePopulatorUtils.java:54) ~[spring-jdbc-6.1.2.jar:6.1.2]
	at org.springframework.boot.jdbc.init.DataSourceScriptDatabaseInitializer.runScripts(DataSourceScriptDatabaseInitializer.java:87) ~[spring-boot-3.2.1.jar:3.2.1]
	at org.springframework.boot.sql.init.AbstractScriptDatabaseInitializer.runScripts(AbstractScriptDatabaseInitializer.java:146) ~[spring-boot-3.2.1.jar:3.2.1]
	at org.springframework.boot.sql.init.AbstractScriptDatabaseInitializer.applyScripts(AbstractScriptDatabaseInitializer.java:108) ~[spring-boot-3.2.1.jar:3.2.1]
	at org.springframework.boot.sql.init.AbstractScriptDatabaseInitializer.applyDataScripts(AbstractScriptDatabaseInitializer.java:102) ~[spring-boot-3.2.1.jar:3.2.1]
	at org.springframework.boot.sql.init.AbstractScriptDatabaseInitializer.initializeDatabase(AbstractScriptDatabaseInitializer.java:77) ~[spring-boot-3.2.1.jar:3.2.1]
	at org.springframework.boot.sql.init.AbstractScriptDatabaseInitializer.afterPropertiesSet(AbstractScriptDatabaseInitializer.java:66) ~[spring-boot-3.2.1.jar:3.2.1]
	at org.springframework.beans.factory.support.AbstractAutowireCapableBeanFactory.invokeInitMethods(AbstractAutowireCapableBeanFactory.java:1820) ~[spring-beans-6.1.2.jar:6.1.2]
	at org.springframework.beans.factory.support.AbstractAutowireCapableBeanFactory.initializeBean(AbstractAutowireCapableBeanFactory.java:1769) ~[spring-beans-6.1.2.jar:6.1.2]
	... 21 common frames omitted
Caused by: org.h2.jdbc.JdbcSQLSyntaxErrorException: Table "APPLICATIONS" not found (this database is empty); SQL statement:
INSERT INTO applications (id, application_id, name, description, owner, status) VALUES (1, 'APP-USER-MGMT', 'User Management System', 'Handles user authentication and profiles', 'Team Alpha', 'ACTIVE'), (2, 'APP-ORDER-PROC', 'Order Processing System', 'Processes customer orders', 'Team Beta', 'ACTIVE'), (3, 'APP-PAYMENT-GW', 'Payment Gateway', 'Handles payment transactions', 'Team Gamma', 'ACTIVE'), (4, 'APP-INVENTORY', 'Inventory Management', 'Manages product inventory', 'Team Delta', 'ACTIVE'), (5, 'APP-SHIPPING', 'Shipping Service', 'Coordinates product shipping', 'Team Epsilon', 'ACTIVE'), (6, 'APP-NOTIFICATION', 'Notification System', 'Sends emails and SMS', 'Team Zeta', 'ACTIVE'), (7, 'APP-ANALYTICS', 'Analytics Engine', 'Business intelligence and reports', 'Team Eta', 'ACTIVE'), (8, 'APP-SEARCH', 'Search Service', 'Product and content search', 'Team Theta', 'ACTIVE'), (9, 'APP-RECOMMEND', 'Recommendation Engine', 'Product recommendations', 'Team Iota', 'ACTIVE'), (10, 'APP-PRICING', 'Pricing Service', 'Dynamic pricing calculations', 'Team Kappa', 'ACTIVE'), (11, 'APP-TAX-CALC', 'Tax Calculator', 'Calculates taxes for orders', 'Team Lambda', 'ACTIVE'), (12, 'APP-DISCOUNT', 'Discount Engine', 'Manages promotions and discounts', 'Team Mu', 'ACTIVE'), (13, 'APP-REVIEW', 'Review System', 'Customer reviews and ratings', 'Team Nu', 'ACTIVE'), (14, 'APP-WISHLIST', 'Wishlist Service', 'User wishlists and favorites', 'Team Xi', 'ACTIVE'), (15, 'APP-CART', 'Shopping Cart', 'Shopping cart management', 'Team Omicron', 'ACTIVE'), (16, 'APP-CATALOG', 'Product Catalog', 'Product information management', 'Team Pi', 'ACTIVE'), (17, 'APP-MEDIA', 'Media Service', 'Image and video management', 'Team Rho', 'ACTIVE'), (18, 'APP-FULFILLMENT', 'Order Fulfillment', 'Warehouse and fulfillment', 'Team Sigma', 'ACTIVE'), (19, 'APP-RETURNS', 'Returns Management', 'Handles product returns', 'Team Tau', 'ACTIVE'), (20, 'APP-LOYALTY', 'Loyalty Program', 'Customer loyalty and rewards', 'Team Upsilon', 'ACTIVE'), (21, 'APP-CMS', 'Content Management', 'Website content management', 'Team Phi', 'ACTIVE'), (22, 'APP-SUPPORT', 'Customer Support', 'Support tickets and chat', 'Team Chi', 'ACTIVE'), (23, 'APP-FRAUD', 'Fraud Detection', 'Fraud prevention system', 'Team Psi', 'ACTIVE'), (24, 'APP-VENDOR', 'Vendor Management', 'Third-party vendor coordination', 'Team Omega', 'ACTIVE'), (25, 'APP-SUBSCRIPTION', 'Subscription Service', 'Recurring subscriptions', 'Team Alpha2', 'ACTIVE'), (26, 'APP-BILLING', 'Billing System', 'Invoice and billing', 'Team Beta2', 'ACTIVE'), (27, 'APP-REPORTING', 'Reporting Service', 'Business reports', 'Team Gamma2', 'ACTIVE'), (28, 'APP-AUDIT', 'Audit Logger', 'System audit logs', 'Team Delta2', 'ACTIVE'), (29, 'APP-CONFIG', 'Configuration Service', 'Application configuration', 'Team Epsilon2', 'ACTIVE'), (30, 'APP-CACHE', 'Caching Service', 'Distributed caching', 'Team Zeta2', 'ACTIVE'), (31, 'APP-SESSION', 'Session Management', 'User session handling', 'Team Eta2', 'ACTIVE'), (32, 'APP-LOCALE', 'Localization Service', 'Multi-language support', 'Team Theta2', 'ACTIVE'), (33, 'APP-CURRENCY', 'Currency Converter', 'Multi-currency support', 'Team Iota2', 'ACTIVE'), (34, 'APP-GEO', 'Geolocation Service', 'Location-based services', 'Team Kappa2', 'ACTIVE'), (35, 'APP-WEATHER', 'Weather Service', 'Weather information', 'Team Lambda2', 'ACTIVE'), (36, 'APP-ADDRESS', 'Address Validation', 'Address verification', 'Team Mu2', 'ACTIVE'), (37, 'APP-CREDIT', 'Credit Check', 'Credit verification', 'Team Nu2', 'ACTIVE'), (38, 'APP-KYC', 'KYC Verification', 'Know Your Customer checks', 'Team Xi2', 'ACTIVE'), (39, 'APP-COMPLIANCE', 'Compliance Service', 'Regulatory compliance', 'Team Omicron2', 'ACTIVE'), (40, 'APP-EMAIL', 'Email Service', 'Email delivery', 'Team Pi2', 'ACTIVE'), (41, 'APP-SMS', 'SMS Service', 'SMS notifications', 'Team Rho2', 'ACTIVE'), (42, 'APP-PUSH', 'Push Notification', 'Mobile push notifications', 'Team Sigma2', 'ACTIVE'), (43, 'APP-QUEUE', 'Message Queue', 'Asynchronous messaging', 'Team Tau2', 'ACTIVE'), (44, 'APP-SCHEDULER', 'Job Scheduler', 'Background job scheduling', 'Team Upsilon2', 'ACTIVE'), (45, 'APP-FILE', 'File Storage', 'Document storage', 'Team Phi2', 'ACTIVE'), (46, 'APP-BACKUP', 'Backup Service', 'Data backup', 'Team Chi2', 'ACTIVE'), (47, 'APP-MONITOR', 'Monitoring Service', 'System monitoring', 'Team Psi2', 'ACTIVE'), (48, 'APP-HEALTH', 'Health Check', 'Service health monitoring', 'Team Omega2', 'ACTIVE'), (49, 'APP-GATEWAY', 'API Gateway', 'API routing and management', 'Team Alpha3', 'ACTIVE'), (50, 'APP-AUTH', 'Authorization Service', 'Permission and roles', 'Team Beta3', 'ACTIVE') [42104-224]
	at org.h2.message.DbException.getJdbcSQLException(DbException.java:514) ~[h2-2.2.224.jar:2.2.224]
	at org.h2.message.DbException.getJdbcSQLException(DbException.java:489) ~[h2-2.2.224.jar:2.2.224]
	at org.h2.message.DbException.get(DbException.java:223) ~[h2-2.2.224.jar:2.2.224]
	at org.h2.message.DbException.get(DbException.java:199) ~[h2-2.2.224.jar:2.2.224]
	at org.h2.command.Parser.getTableOrViewNotFoundDbException(Parser.java:8051) ~[h2-2.2.224.jar:2.2.224]
	at org.h2.command.Parser.getTableOrViewNotFoundDbException(Parser.java:8035) ~[h2-2.2.224.jar:2.2.224]
	at org.h2.command.Parser.readTableOrView(Parser.java:8024) ~[h2-2.2.224.jar:2.2.224]
	at org.h2.command.Parser.readTableOrView(Parser.java:7990) ~[h2-2.2.224.jar:2.2.224]
	at org.h2.command.Parser.parseInsert(Parser.java:1540) ~[h2-2.2.224.jar:2.2.224]
	at org.h2.command.Parser.parsePrepared(Parser.java:719) ~[h2-2.2.224.jar:2.2.224]
	at org.h2.command.Parser.parse(Parser.java:592) ~[h2-2.2.224.jar:2.2.224]
	at org.h2.command.Parser.parse(Parser.java:564) ~[h2-2.2.224.jar:2.2.224]
	at org.h2.command.Parser.prepareCommand(Parser.java:483) ~[h2-2.2.224.jar:2.2.224]
	at org.h2.engine.SessionLocal.prepareLocal(SessionLocal.java:639) ~[h2-2.2.224.jar:2.2.224]
	at org.h2.engine.SessionLocal.prepareCommand(SessionLocal.java:559) ~[h2-2.2.224.jar:2.2.224]
	at org.h2.jdbc.JdbcConnection.prepareCommand(JdbcConnection.java:1166) ~[h2-2.2.224.jar:2.2.224]
	at org.h2.jdbc.JdbcStatement.executeInternal(JdbcStatement.java:245) ~[h2-2.2.224.jar:2.2.224]
	at org.h2.jdbc.JdbcStatement.execute(JdbcStatement.java:231) ~[h2-2.2.224.jar:2.2.224]
	at com.zaxxer.hikari.pool.ProxyStatement.execute(ProxyStatement.java:94) ~[HikariCP-5.0.1.jar:na]
	at com.zaxxer.hikari.pool.HikariProxyStatement.execute(HikariProxyStatement.java) ~[HikariCP-5.0.1.jar:na]
	at org.springframework.jdbc.datasource.init.ScriptUtils.executeSqlScript(ScriptUtils.java:261) ~[spring-jdbc-6.1.2.jar:6.1.2]
	... 31 common frames omitted


  .   ____          _            __ _ _
 /\\ / ___'_ __ _ _(_)_ __  __ _ \ \ \ \
( ( )\___ | '_ | '_| | '_ \/ _` | \ \ \ \
 \\/  ___)| |_)| | | | | || (_| |  ) ) ) )
  '  |____| .__|_| |_|_| |_\__, | / / / /
 =========|_|==============|___/=/_/_/_/
 :: Spring Boot ::                (v3.2.1)

2026-01-13T16:30:58.273-05:00  INFO 46916 --- [service-dependency-api] [  restartedMain] c.e.s.ServiceDependencyApiApplication    : Starting ServiceDependencyApiApplication using Java 21.0.8 with PID 46916 (D:\apps\ws\ws8\service-dependency-api\target\classes started by smate in D:\apps\ws\ws8\service-dependency-api)
2026-01-13T16:30:58.273-05:00 DEBUG 46916 --- [service-dependency-api] [  restartedMain] c.e.s.ServiceDependencyApiApplication    : Running with Spring Boot v3.2.1, Spring v6.1.2
2026-01-13T16:30:58.273-05:00  INFO 46916 --- [service-dependency-api] [  restartedMain] c.e.s.ServiceDependencyApiApplication    : No active profile set, falling back to 1 default profile: "default"
2026-01-13T16:30:58.414-05:00  INFO 46916 --- [service-dependency-api] [  restartedMain] .s.d.r.c.RepositoryConfigurationDelegate : Bootstrapping Spring Data JPA repositories in DEFAULT mode.
2026-01-13T16:30:58.426-05:00  INFO 46916 --- [service-dependency-api] [  restartedMain] .s.d.r.c.RepositoryConfigurationDelegate : Finished Spring Data repository scanning in 11 ms. Found 3 JPA repository interfaces.
2026-01-13T16:30:58.497-05:00  INFO 46916 --- [service-dependency-api] [  restartedMain] o.s.b.w.embedded.tomcat.TomcatWebServer  : Tomcat initialized with port 8084 (http)
2026-01-13T16:30:58.498-05:00  INFO 46916 --- [service-dependency-api] [  restartedMain] o.apache.catalina.core.StandardService   : Starting service [Tomcat]
2026-01-13T16:30:58.498-05:00  INFO 46916 --- [service-dependency-api] [  restartedMain] o.apache.catalina.core.StandardEngine    : Starting Servlet engine: [Apache Tomcat/10.1.17]
2026-01-13T16:30:58.513-05:00  INFO 46916 --- [service-dependency-api] [  restartedMain] o.a.c.c.C.[Tomcat-1].[localhost].[/]     : Initializing Spring embedded WebApplicationContext
2026-01-13T16:30:58.513-05:00  INFO 46916 --- [service-dependency-api] [  restartedMain] w.s.c.ServletWebServerApplicationContext : Root WebApplicationContext: initialization completed in 238 ms
2026-01-13T16:30:58.531-05:00  INFO 46916 --- [service-dependency-api] [  restartedMain] com.zaxxer.hikari.HikariDataSource       : HikariPool-4 - Starting...
2026-01-13T16:30:58.549-05:00  INFO 46916 --- [service-dependency-api] [  restartedMain] com.zaxxer.hikari.pool.HikariPool        : HikariPool-4 - Added connection conn26: url=jdbc:h2:file:./data/servicedb user=SA
2026-01-13T16:30:58.549-05:00  INFO 46916 --- [service-dependency-api] [  restartedMain] com.zaxxer.hikari.HikariDataSource       : HikariPool-4 - Start completed.
2026-01-13T16:30:58.549-05:00  INFO 46916 --- [service-dependency-api] [  restartedMain] o.s.b.a.h2.H2ConsoleAutoConfiguration    : H2 console available at '/h2-console'. Database available at 'jdbc:h2:file:./data/servicedb'
2026-01-13T16:30:58.562-05:00  INFO 46916 --- [service-dependency-api] [  restartedMain] o.hibernate.jpa.internal.util.LogHelper  : HHH000204: Processing PersistenceUnitInfo [name: default]
2026-01-13T16:30:58.563-05:00  INFO 46916 --- [service-dependency-api] [  restartedMain] o.h.c.internal.RegionFactoryInitiator    : HHH000026: Second-level cache disabled
2026-01-13T16:30:58.566-05:00  INFO 46916 --- [service-dependency-api] [  restartedMain] o.s.o.j.p.SpringPersistenceUnitInfo      : No LoadTimeWeaver setup: ignoring JPA class transformer
2026-01-13T16:30:58.566-05:00  WARN 46916 --- [service-dependency-api] [  restartedMain] org.hibernate.orm.deprecation            : HHH90000025: H2Dialect does not need to be specified explicitly using 'hibernate.dialect' (remove the property setting and it will be selected by default)
2026-01-13T16:30:58.633-05:00  INFO 46916 --- [service-dependency-api] [  restartedMain] o.h.e.t.j.p.i.JtaPlatformInitiator       : HHH000489: No JTA platform available (set 'hibernate.transaction.jta.platform' to enable JTA platform integration)
2026-01-13T16:30:58.652-05:00  INFO 46916 --- [service-dependency-api] [  restartedMain] j.LocalContainerEntityManagerFactoryBean : Initialized JPA EntityManagerFactory for persistence unit 'default'
2026-01-13T16:30:58.733-05:00  WARN 46916 --- [service-dependency-api] [  restartedMain] JpaBaseConfiguration$JpaWebConfiguration : spring.jpa.open-in-view is enabled by default. Therefore, database queries may be performed during view rendering. Explicitly configure spring.jpa.open-in-view to disable this warning
2026-01-13T16:30:58.835-05:00  INFO 46916 --- [service-dependency-api] [  restartedMain] o.s.b.d.a.OptionalLiveReloadServer       : LiveReload server is running on port 35729
2026-01-13T16:30:58.842-05:00  INFO 46916 --- [service-dependency-api] [  restartedMain] o.s.b.w.embedded.tomcat.TomcatWebServer  : Tomcat started on port 8084 (http) with context path ''
2026-01-13T16:30:58.845-05:00  INFO 46916 --- [service-dependency-api] [  restartedMain] c.e.s.ServiceDependencyApiApplication    : Started ServiceDependencyApiApplication in 0.596 seconds (process running for 400.803)
2026-01-13T16:30:58.846-05:00  INFO 46916 --- [service-dependency-api] [  restartedMain] .ConditionEvaluationDeltaLoggingListener : Condition evaluation unchanged
2026-01-13T16:33:44.934-05:00  INFO 46916 --- [service-dependency-api] [nio-8084-exec-1] o.a.c.c.C.[Tomcat-1].[localhost].[/]     : Initializing Spring DispatcherServlet 'dispatcherServlet'
2026-01-13T16:33:44.934-05:00  INFO 46916 --- [service-dependency-api] [nio-8084-exec-1] o.s.web.servlet.DispatcherServlet        : Initializing Servlet 'dispatcherServlet'
2026-01-13T16:33:44.936-05:00  INFO 46916 --- [service-dependency-api] [nio-8084-exec-1] o.s.web.servlet.DispatcherServlet        : Completed initialization in 1 ms
[INFO] ------------------------------------------------------------------------
[INFO] BUILD FAILURE
[INFO] ------------------------------------------------------------------------
[INFO] Total time:  11:20 min
[INFO] Finished at: 2026-01-13T16:35:37-05:00
[INFO] ------------------------------------------------------------------------
[ERROR] Failed to execute goal org.springframework.boot:spring-boot-maven-plugin:3.2.1:run (default-cli) on project service-dependency-api: Process terminated with exit code: 1 -> [Help 1]
[ERROR] 
[ERROR] To see the full stack trace of the errors, re-run Maven with the -e switch.
[ERROR] Re-run Maven using the -X switch to enable full debug logging.
[ERROR] 
[ERROR] For more information about the errors and possible solutions, please read the following articles:
[ERROR] [Help 1] http://cwiki.apache.org/confluence/display/MAVEN/MojoExecutionException
